<?xml version="1.0" encoding="UTF-8"?>
<testsuite name="[23] de.mnl.moodle.provider.test;0.0.0.-202206042136-SNAPSHOT" tests="1" skipped="0" failures="0" errors="0" time="25.338" hostname="artemis" timestamp="2022-06-04T23:37:24">
<properties>
<property name="file.encoding" value="UTF-8"/>
<property name="file.separator" value="/"/>
<property name="java.class.path" value="/tmp/pre9819124659285242054.jar"/>
<property name="java.class.version" value="61.0"/>
<property name="java.home" value="/usr/lib/jvm/java-17-openjdk-17.0.3.0.7-1.fc35.x86_64"/>
<property name="java.io.tmpdir" value="/tmp"/>
<property name="java.library.path" value="/usr/java/packages/lib:/usr/lib64:/lib64:/lib:/usr/lib"/>
<property name="java.runtime.name" value="OpenJDK Runtime Environment"/>
<property name="java.runtime.version" value="17.0.3+7"/>
<property name="java.specification.name" value="Java Platform API Specification"/>
<property name="java.specification.vendor" value="Oracle Corporation"/>
<property name="java.specification.version" value="17"/>
<property name="java.vendor" value="Red Hat, Inc."/>
<property name="java.vendor.url" value="https://www.redhat.com/"/>
<property name="java.vendor.url.bug" value="https://bugzilla.redhat.com/enter_bug.cgi?product=Fedora&amp;component=java-17-openjdk&amp;version=35"/>
<property name="java.vendor.version" value="21.9"/>
<property name="java.version" value="17.0.3"/>
<property name="java.version.date" value="2022-04-19"/>
<property name="java.vm.compressedOopsMode" value="Zero based"/>
<property name="java.vm.info" value="mixed mode, sharing"/>
<property name="java.vm.name" value="OpenJDK 64-Bit Server VM"/>
<property name="java.vm.specification.name" value="Java Virtual Machine Specification"/>
<property name="java.vm.specification.vendor" value="Oracle Corporation"/>
<property name="java.vm.specification.version" value="17"/>
<property name="java.vm.vendor" value="Red Hat, Inc."/>
<property name="java.vm.version" value="17.0.3+7"/>
<property name="jdk.debug" value="release"/>
<property name="launch.activation.eager" value="false"/>
<property name="launch.activators" value=""/>
<property name="launch.bundles" value="/home/mnl/.m2/repository/org/opentest4j/opentest4j/1.2.0/opentest4j-1.2.0.jar,/home/mnl/.m2/repository/org/objenesis/objenesis/3.2/objenesis-3.2.jar,/home/mnl/.m2/repository/biz/aQute/bnd/biz.aQute.tester.junit-platform/6.3.0/biz.aQute.tester.junit-platform-6.3.0.jar,/home/mnl/.m2/repository/org/junit/jupiter/junit-jupiter-api/5.9.0-M1/junit-jupiter-api-5.9.0-M1.jar,/home/mnl/.m2/repository/org/junit/jupiter/junit-jupiter-engine/5.9.0-M1/junit-jupiter-engine-5.9.0-M1.jar,/home/mnl/.m2/repository/org/junit/platform/junit-platform-commons/1.9.0-M1/junit-platform-commons-1.9.0-M1.jar,/home/mnl/.m2/repository/org/junit/platform/junit-platform-engine/1.9.0-M1/junit-platform-engine-1.9.0-M1.jar,/home/mnl/.m2/repository/org/junit/platform/junit-platform-launcher/1.9.0-M1/junit-platform-launcher-1.9.0-M1.jar,/home/mnl/.m2/repository/net/bytebuddy/byte-buddy/1.12.10/byte-buddy-1.12.10.jar,/home/mnl/.m2/repository/net/bytebuddy/byte-buddy-agent/1.12.10/byte-buddy-agent-1.12.10.jar,/home/mnl/.m2/repository/org/mockito/mockito-junit-jupiter/4.6.1/mockito-junit-jupiter-4.6.1.jar,/home/mnl/.m2/repository/org/mockito/mockito-core/4.6.1/mockito-core-4.6.1.jar,/home/mnl/.m2/repository/com/fasterxml/jackson/core/jackson-core/2.12.2/jackson-core-2.12.2.jar,/home/mnl/devel/moodle-tools-console/de.mnl.moodle.provider/generated/de.mnl.moodle.provider-1.0.0-SNAPSHOT.jar,/home/mnl/devel/moodle-tools-console/de.mnl.moodle.service/generated/de.mnl.moodle.service-1.0.0-SNAPSHOT.jar,/home/mnl/.m2/repository/de/mnl/osgi/de.mnl.osgi.coreutils/2.1.0/de.mnl.osgi.coreutils-2.1.0.jar,/home/mnl/.m2/repository/de/mnl/osgi/de.mnl.osgi.lf4osgi/2.2.0/de.mnl.osgi.lf4osgi-2.2.0.jar,/home/mnl/.m2/repository/org/apache/felix/org.apache.felix.log/1.2.0/org.apache.felix.log-1.2.0.jar,/home/mnl/.m2/repository/org/apache/felix/org.apache.felix.scr/2.2.0-RC1/org.apache.felix.scr-2.2.0-RC1.jar,/home/mnl/.m2/repository/org/jdrupes/json/json/2.3.1/json-2.3.1.jar,/home/mnl/.m2/repository/org/osgi/org.osgi.util.function/1.2.0/org.osgi.util.function-1.2.0.jar,/home/mnl/.m2/repository/org/osgi/org.osgi.util.promise/1.2.0/org.osgi.util.promise-1.2.0.jar,/home/mnl/devel/moodle-tools-console/de.mnl.moodle.provider.test/generated/de.mnl.moodle.provider.test-0.0.0-SNAPSHOT.jar"/>
<property name="launch.embedded" value="false"/>
<property name="launch.framework.restart" value="false"/>
<property name="launch.framework.restart.count" value="0"/>
<property name="launch.keep" value="false"/>
<property name="launch.name" value="bnd.bnd"/>
<property name="launch.noreferences" value="false"/>
<property name="launch.notificationPort" value="58757"/>
<property name="launch.services" value="true"/>
<property name="launch.system.packages" value="org.osgi.dto;version=&quot;1.1.1&quot;,org.osgi.framework;version=&quot;1.10&quot;,org.osgi.framework.connect;uses:=&quot;org.osgi.framework,org.osgi.framework.launch&quot;;version=&quot;1.0&quot;,org.osgi.framework.dto;uses:=&quot;org.osgi.dto&quot;;version=&quot;1.8&quot;,org.osgi.framework.hooks.bundle;uses:=&quot;org.osgi.framework&quot;;version=&quot;1.1&quot;,org.osgi.framework.hooks.resolver;uses:=&quot;org.osgi.framework.wiring&quot;;version=&quot;1.0&quot;,org.osgi.framework.hooks.service;uses:=&quot;org.osgi.framework&quot;;version=&quot;1.1&quot;,org.osgi.framework.hooks.weaving;uses:=&quot;org.osgi.framework.wiring&quot;;version=&quot;1.1&quot;,org.osgi.framework.launch;uses:=&quot;org.osgi.framework&quot;;version=&quot;1.2&quot;,org.osgi.framework.namespace;uses:=&quot;org.osgi.resource&quot;;version=&quot;1.2&quot;,org.osgi.framework.startlevel;uses:=&quot;org.osgi.framework&quot;;version=&quot;1.0&quot;,org.osgi.framework.startlevel.dto;uses:=&quot;org.osgi.dto&quot;;version=&quot;1.0&quot;,org.osgi.framework.wiring;uses:=&quot;org.osgi.framework,org.osgi.resource&quot;;version=&quot;1.2&quot;,org.osgi.framework.wiring.dto;uses:=&quot;org.osgi.dto,org.osgi.resource.dto&quot;;version=&quot;1.3&quot;,org.osgi.resource;version=&quot;1.0.1&quot;,org.osgi.resource.dto;uses:=&quot;org.osgi.dto&quot;;version=&quot;1.0.1&quot;,org.osgi.service.condition;version=&quot;1.0&quot;,org.osgi.service.packageadmin;uses:=&quot;org.osgi.framework&quot;;version=&quot;1.2.1&quot;,org.osgi.service.resolver;uses:=&quot;org.osgi.resource&quot;;version=&quot;1.1.1&quot;,org.osgi.service.startlevel;uses:=&quot;org.osgi.framework&quot;;version=&quot;1.1.1&quot;,org.osgi.service.url;version=&quot;1.0.1&quot;,org.osgi.util.tracker;uses:=&quot;org.osgi.framework&quot;;version=&quot;1.5.3&quot;"/>
<property name="launch.timeout" value="0"/>
<property name="launch.trace" value="false"/>
<property name="launcher.properties" value="/home/mnl/devel/moodle-tools-console/de.mnl.moodle.provider.test/generated/launch5563264498198496672.properties"/>
<property name="launcher.runpath" value="/home/mnl/.m2/repository/org/apache/felix/org.apache.felix.framework/7.0.5/org.apache.felix.framework-7.0.5.jar,/home/mnl/.m2/repository/biz/aQute/bnd/biz.aQute.launcher/6.3.0/biz.aQute.launcher-6.3.0.jar"/>
<property name="line.separator" value="
"/>
<property name="native.encoding" value="UTF-8"/>
<property name="os.arch" value="amd64"/>
<property name="os.name" value="Linux"/>
<property name="os.version" value="5.17.6-200.fc35.x86_64"/>
<property name="path.separator" value=":"/>
<property name="sun.arch.data.model" value="64"/>
<property name="sun.boot.library.path" value="/usr/lib/jvm/java-17-openjdk-17.0.3.0.7-1.fc35.x86_64/lib"/>
<property name="sun.cpu.endian" value="little"/>
<property name="sun.io.unicode.encoding" value="UnicodeLittle"/>
<property name="sun.java.command" value="aQute.launcher.pre.EmbeddedLauncher"/>
<property name="sun.java.launcher" value="SUN_STANDARD"/>
<property name="sun.jnu.encoding" value="UTF-8"/>
<property name="sun.management.compiler" value="HotSpot 64-Bit Tiered Compilers"/>
<property name="user.country" value="DE"/>
<property name="user.dir" value="/home/mnl/devel/moodle-tools-console/de.mnl.moodle.provider.test"/>
<property name="user.home" value="/home/mnl"/>
<property name="user.language" value="de"/>
<property name="user.name" value="mnl"/>
<property name="user.timezone" value="Europe/Berlin"/>
</properties>
<testcase name="testSimpleValues()" classname="de.mnl.moodle.provider.test.EncoderTests" time="25.233">
</testcase>
</testsuite>
